<?xml version="1.0" encoding="UTF-8"?>
<!-- Generated by org.testng.reporters.JUnitReportReporter -->
<testsuite hostname="DESKTOP-P1SHUFH" name="smokeTestScripts.LoginTest" tests="1" failures="0" timestamp="6 Feb 2021 18:53:23 GMT" time="0.024" errors="0">
  <testcase name="Login" time="0.024" classname="smokeTestScripts.LoginTest"/>
</testsuite> <!-- smokeTestScripts.LoginTest -->
